Determining if the pthread_create exist failed with the following output:
Change Dir: /home/pi/Documents/projet_SIEC/Road-Analysis-Project/Raspberry/Romero_Based_App/build/CMakeFiles/CMakeTmp

Run Build Command:"/usr/bin/make" "cmTC_56632/fast"
/usr/bin/make -f CMakeFiles/cmTC_56632.dir/build.make CMakeFiles/cmTC_56632.dir/build
make[1] : on entre dans le répertoire « /home/pi/Documents/projet_SIEC/Road-Analysis-Project/Raspberry/Romero_Based_App/build/CMakeFiles/CMakeTmp »
Building C object CMakeFiles/cmTC_56632.dir/CheckSymbolExists.c.o
/usr/bin/cc    -o CMakeFiles/cmTC_56632.dir/CheckSymbolExists.c.o   -c /home/pi/Documents/projet_SIEC/Road-Analysis-Project/Raspberry/Romero_Based_App/build/CMakeFiles/CMakeTmp/CheckSymbolExists.c
Linking C executable cmTC_56632
/usr/bin/cmake -E cmake_link_script CMakeFiles/cmTC_56632.dir/link.txt --verbose=1
/usr/bin/cc      CMakeFiles/cmTC_56632.dir/CheckSymbolExists.c.o  -o cmTC_56632 
/usr/bin/ld: CMakeFiles/cmTC_56632.dir/CheckSymbolExists.c.o: in function `main':
CheckSymbolExists.c:(.text+0x38): undefined reference to `pthread_create'
collect2: error: ld returned 1 exit status
make[1]: *** [CMakeFiles/cmTC_56632.dir/build.make:87: cmTC_56632] Error 1
make[1] : on quitte le répertoire « /home/pi/Documents/projet_SIEC/Road-Analysis-Project/Raspberry/Romero_Based_App/build/CMakeFiles/CMakeTmp »
make: *** [Makefile:121: cmTC_56632/fast] Error 2

File /home/pi/Documents/projet_SIEC/Road-Analysis-Project/Raspberry/Romero_Based_App/build/CMakeFiles/CMakeTmp/CheckSymbolExists.c:
/* */
#include <pthread.h>

int main(int argc, char** argv)
{
  (void)argv;
#ifndef pthread_create
  return ((int*)(&pthread_create))[argc];
#else
  (void)argc;
  return 0;
#endif
}

