Performing C SOURCE FILE Test CMAKE_HAVE_LIBC_PTHREAD failed with the following output:
Change Dir: /home/pi/Downloads/ProjectRomero-master/RaspberryPi/acm-rpi-app/build/CMakeFiles/CMakeTmp

Run Build Command(s):/usr/bin/make cmTC_3a8b9/fast && /usr/bin/make -f CMakeFiles/cmTC_3a8b9.dir/build.make CMakeFiles/cmTC_3a8b9.dir/build
make[1] : on entre dans le répertoire « /home/pi/Downloads/ProjectRomero-master/RaspberryPi/acm-rpi-app/build/CMakeFiles/CMakeTmp »
Building C object CMakeFiles/cmTC_3a8b9.dir/src.c.o
/usr/bin/cc   -DCMAKE_HAVE_LIBC_PTHREAD   -o CMakeFiles/cmTC_3a8b9.dir/src.c.o   -c /home/pi/Downloads/ProjectRomero-master/RaspberryPi/acm-rpi-app/build/CMakeFiles/CMakeTmp/src.c
Linking C executable cmTC_3a8b9
/usr/local/bin/cmake -E cmake_link_script CMakeFiles/cmTC_3a8b9.dir/link.txt --verbose=1
/usr/bin/cc  -DCMAKE_HAVE_LIBC_PTHREAD    CMakeFiles/cmTC_3a8b9.dir/src.c.o  -o cmTC_3a8b9 
/usr/bin/ld: CMakeFiles/cmTC_3a8b9.dir/src.c.o: in function `main':
src.c:(.text+0x40): undefined reference to `pthread_create'
/usr/bin/ld: src.c:(.text+0x4c): undefined reference to `pthread_detach'
/usr/bin/ld: src.c:(.text+0x5c): undefined reference to `pthread_join'
collect2: error: ld returned 1 exit status
make[1]: *** [CMakeFiles/cmTC_3a8b9.dir/build.make:87: cmTC_3a8b9] Error 1
make[1] : on quitte le répertoire « /home/pi/Downloads/ProjectRomero-master/RaspberryPi/acm-rpi-app/build/CMakeFiles/CMakeTmp »
make: *** [Makefile:121: cmTC_3a8b9/fast] Error 2


Source file was:
#include <pthread.h>

void* test_func(void* data)
{
  return data;
}

int main(void)
{
  pthread_t thread;
  pthread_create(&thread, NULL, test_func, NULL);
  pthread_detach(thread);
  pthread_join(thread, NULL);
  pthread_atfork(NULL, NULL, NULL);
  pthread_exit(NULL);

  return 0;
}

